<?xml version="1.0" encoding="UTF-8"?>
<testsuite xmlns:xsi="http://www.w3.org/2001/XMLSchema-instance" xsi:noNamespaceSchemaLocation="https://maven.apache.org/surefire/maven-surefire-plugin/xsd/surefire-test-report-3.0.xsd" version="3.0" name="com.AmazonScenario.testcases.LaunchBrowserTest" time="48.183" tests="1" errors="0" skipped="0" failures="1">
  <properties>
[...]
</properties>
  <testcase name="launch" classname="com.AmazonScenario.testcases.LaunchBrowserTest" time="47.28">
    <failure message="java.util.NoSuchElementException" type="io.github.bonigarcia.wdm.WebDriverManagerException"><![CDATA[io.github.bonigarcia.wdm.WebDriverManagerException: java.util.NoSuchElementException
	at io.github.bonigarcia.wdm.WebDriverManager.handleException(WebDriverManager.java:776)
	at io.github.bonigarcia.wdm.WebDriverManager.manage(WebDriverManager.java:550)
	at io.github.bonigarcia.wdm.WebDriverManager.handleException(WebDriverManager.java:773)
	at io.github.bonigarcia.wdm.WebDriverManager.manage(WebDriverManager.java:550)
	at io.github.bonigarcia.wdm.WebDriverManager.handleException(WebDriverManager.java:766)
	at io.github.bonigarcia.wdm.WebDriverManager.manage(WebDriverManager.java:550)
	at io.github.bonigarcia.wdm.WebDriverManager.setup(WebDriverManager.java:260)
	at com.AmazonScenario.testcases.LaunchBrowserTest.launch(LaunchBrowserTest.java:26)
	at java.base/jdk.internal.reflect.NativeMethodAccessorImpl.invoke0(Native Method)
	at java.base/jdk.internal.reflect.NativeMethodAccessorImpl.invoke(NativeMethodAccessorImpl.java:77)
	at java.base/jdk.internal.reflect.DelegatingMethodAccessorImpl.invoke(DelegatingMethodAccessorImpl.java:43)
	at java.base/java.lang.reflect.Method.invoke(Method.java:568)
	at org.testng.internal.MethodInvocationHelper.invokeMethod(MethodInvocationHelper.java:133)
	at org.testng.internal.TestInvoker.invokeMethod(TestInvoker.java:598)
	at org.testng.internal.TestInvoker.invokeTestMethod(TestInvoker.java:173)
	at org.testng.internal.MethodRunner.runInSequence(MethodRunner.java:46)
	at org.testng.internal.TestInvoker$MethodInvocationAgent.invoke(TestInvoker.java:824)
	at org.testng.internal.TestInvoker.invokeTestMethods(TestInvoker.java:146)
	at org.testng.internal.TestMethodWorker.invokeTestMethods(TestMethodWorker.java:146)
	at org.testng.internal.TestMethodWorker.run(TestMethodWorker.java:128)
	at java.base/java.util.ArrayList.forEach(ArrayList.java:1511)
	at org.testng.TestRunner.privateRun(TestRunner.java:794)
	at org.testng.TestRunner.run(TestRunner.java:596)
	at org.testng.SuiteRunner.runTest(SuiteRunner.java:377)
	at org.testng.SuiteRunner.runSequentially(SuiteRunner.java:371)
	at org.testng.SuiteRunner.privateRun(SuiteRunner.java:332)
	at org.testng.SuiteRunner.run(SuiteRunner.java:276)
	at org.testng.SuiteRunnerWorker.runSuite(SuiteRunnerWorker.java:53)
	at org.testng.SuiteRunnerWorker.run(SuiteRunnerWorker.java:96)
	at org.testng.TestNG.runSuitesSequentially(TestNG.java:1212)
	at org.testng.TestNG.runSuitesLocally(TestNG.java:1134)
	at org.testng.TestNG.runSuites(TestNG.java:1063)
	at org.testng.TestNG.run(TestNG.java:1031)
	at org.apache.maven.surefire.testng.TestNGExecutor.run(TestNGExecutor.java:155)
	at org.apache.maven.surefire.testng.TestNGDirectoryTestSuite.executeSingleClass(TestNGDirectoryTestSuite.java:102)
	at org.apache.maven.surefire.testng.TestNGDirectoryTestSuite.execute(TestNGDirectoryTestSuite.java:91)
	at org.apache.maven.surefire.testng.TestNGProvider.invoke(TestNGProvider.java:137)
	at org.apache.maven.surefire.booter.ForkedBooter.runSuitesInProcess(ForkedBooter.java:385)
	at org.apache.maven.surefire.booter.ForkedBooter.execute(ForkedBooter.java:162)
	at org.apache.maven.surefire.booter.ForkedBooter.run(ForkedBooter.java:507)
	at org.apache.maven.surefire.booter.ForkedBooter.main(ForkedBooter.java:495)
Caused by: java.util.NoSuchElementException
	at java.base/java.util.ArrayList$Itr.next(ArrayList.java:970)
	at io.github.bonigarcia.wdm.EdgeDriverManager.checkLatest(EdgeDriverManager.java:179)
	at io.github.bonigarcia.wdm.WebDriverManager.filterCandidateUrls(WebDriverManager.java:799)
	at io.github.bonigarcia.wdm.WebDriverManager.downloadAndExport(WebDriverManager.java:568)
	at io.github.bonigarcia.wdm.WebDriverManager.manage(WebDriverManager.java:547)
	... 39 more
]]></failure>
    <system-err><![CDATA[SLF4J: Failed to load class "org.slf4j.impl.StaticLoggerBinder".
SLF4J: Defaulting to no-operation (NOP) logger implementation
SLF4J: See http://www.slf4j.org/codes.html#StaticLoggerBinder for further details.
]]></system-err>
  </testcase>
</testsuite>