<?xml version="1.0" encoding="UTF-8"?>
<testng-results ignored="0" total="2" passed="2" failed="0" skipped="0">
  <reporter-output>
  </reporter-output>
  <suite started-at="2023-07-08T15:54:14 IST" name="Default suite" finished-at="2023-07-08T15:54:26 IST" duration-ms="12283">
    <groups>
    </groups>
    <test started-at="2023-07-08T15:54:14 IST" name="Default test" finished-at="2023-07-08T15:54:26 IST" duration-ms="12283">
      <class name="com.AmazonScenario.testcases.Prac">
        <test-method signature="login()[pri:0, instance:com.AmazonScenario.testcases.Prac@6fe7aac8]" started-at="2023-07-08T15:54:14 IST" name="login" finished-at="2023-07-08T15:54:23 IST" duration-ms="9302" status="PASS">
          <reporter-output>
          </reporter-output>
        </test-method> <!-- login -->
        <test-method signature="logout()[pri:0, instance:com.AmazonScenario.testcases.Prac@6fe7aac8]" started-at="2023-07-08T15:54:23 IST" name="logout" finished-at="2023-07-08T15:54:26 IST" duration-ms="2926" status="PASS">
          <reporter-output>
          </reporter-output>
        </test-method> <!-- logout -->
      </class> <!-- com.AmazonScenario.testcases.Prac -->
    </test> <!-- Default test -->
  </suite> <!-- Default suite -->
</testng-results>
